d:\tpv\tpv_practica-04\holasdl\debug\vc141.pdb
d:\tpv\tpv_practica-04\holasdl\debug\vc141.idb
d:\tpv\tpv_practica-04\holasdl\debug\fontsmanager.obj
d:\tpv\tpv_practica-04\holasdl\debug\font.obj
d:\tpv\tpv_practica-04\holasdl\debug\fighterasteroidcollision.obj
d:\tpv\tpv_practica-04\holasdl\debug\fighter.obj
d:\tpv\tpv_practica-04\holasdl\debug\demoic.obj
d:\tpv\tpv_practica-04\holasdl\debug\demogc.obj
d:\tpv\tpv_practica-04\holasdl\debug\democontainer.obj
d:\tpv\tpv_practica-04\holasdl\debug\deactivateonborderexit.obj
d:\tpv\tpv_practica-04\holasdl\debug\container.obj
d:\tpv\tpv_practica-04\holasdl\debug\component.obj
d:\tpv\tpv_practica-04\holasdl\debug\collisions.obj
d:\tpv\tpv_practica-04\holasdl\debug\bulletsasteroidscollision.obj
d:\tpv\tpv_practica-04\holasdl\debug\bullets.obj
d:\tpv\tpv_practica-04\holasdl\debug\bullet.obj
d:\tpv\tpv_practica-04\holasdl\debug\boundingboxgc.obj
d:\tpv\tpv_practica-04\holasdl\debug\bounceonborderpc.obj
d:\tpv\tpv_practica-04\holasdl\debug\audiomanager.obj
d:\tpv\tpv_practica-04\holasdl\debug\asteroidsgame.obj
d:\tpv\tpv_practica-04\holasdl\debug\asteroids.obj
d:\tpv\tpv_practica-04\holasdl\debug\asteroid.obj
d:\tpv\tpv_practica-04\holasdl\debug\scoreviewergc.obj
d:\tpv\tpv_practica-04\holasdl\debug\rotationic.obj
d:\tpv\tpv_practica-04\holasdl\debug\rotatingpc.obj
d:\tpv\tpv_practica-04\holasdl\debug\resources.obj
d:\tpv\tpv_practica-04\holasdl\debug\reducespeedpc.obj
d:\tpv\tpv_practica-04\holasdl\debug\randomnumbergenerator.obj
d:\tpv\tpv_practica-04\holasdl\debug\physicscomponent.obj
d:\tpv\tpv_practica-04\holasdl\debug\observer.obj
d:\tpv\tpv_practica-04\holasdl\debug\naturalmovepc.obj
d:\tpv\tpv_practica-04\holasdl\debug\main.obj
d:\tpv\tpv_practica-04\holasdl\debug\livesviewergc.obj
d:\tpv\tpv_practica-04\holasdl\debug\inputcomponent.obj
d:\tpv\tpv_practica-04\holasdl\debug\imagegc.obj
d:\tpv\tpv_practica-04\holasdl\debug\gunic.obj
d:\tpv\tpv_practica-04\holasdl\debug\graphicscomponent.obj
d:\tpv\tpv_practica-04\holasdl\debug\gamestatusviewgc.obj
d:\tpv\tpv_practica-04\holasdl\debug\gameobjectpool.obj
d:\tpv\tpv_practica-04\holasdl\debug\gameobject.obj
d:\tpv\tpv_practica-04\holasdl\debug\gamemanager.obj
d:\tpv\tpv_practica-04\holasdl\debug\gamecrtlic.obj
d:\tpv\tpv_practica-04\holasdl\debug\vector2d.obj
d:\tpv\tpv_practica-04\holasdl\debug\thrustic.obj
d:\tpv\tpv_practica-04\holasdl\debug\texturesmanager.obj
d:\tpv\tpv_practica-04\holasdl\debug\texture.obj
d:\tpv\tpv_practica-04\holasdl\debug\stoponborderspc.obj
d:\tpv\tpv_practica-04\holasdl\debug\srandbasedgenerator.obj
d:\tpv\tpv_practica-04\holasdl\debug\showupatoppositesidepc.obj
d:\tpv\tpv_practica-04\holasdl\debug\servicelocator.obj
d:\tpv\tpv_practica-04\holasdl\debug\sdltexturesmanager.obj
d:\tpv\tpv_practica-04\holasdl\debug\sdlgame.obj
d:\tpv\tpv_practica-04\holasdl\debug\sdlfontsmanager.obj
d:\tpv\tpv_practica-04\holasdl\debug\sdlaudiomanager.obj
d:\tpv\tpv_practica-04\bin\holasdldebug.lib
d:\tpv\tpv_practica-04\bin\holasdldebug.exp
d:\tpv\tpv_practica-04\bin\holasdldebug.exe
d:\tpv\tpv_practica-04\bin\holasdldebug.ilk
d:\tpv\tpv_practica-04\bin\holasdldebug.pdb
d:\tpv\tpv_practica-04\holasdl\debug\holasdl.tlog\cl.command.1.tlog
d:\tpv\tpv_practica-04\holasdl\debug\holasdl.tlog\cl.read.1.tlog
d:\tpv\tpv_practica-04\holasdl\debug\holasdl.tlog\cl.write.1.tlog
d:\tpv\tpv_practica-04\holasdl\debug\holasdl.tlog\holasdl.write.1u.tlog
d:\tpv\tpv_practica-04\holasdl\debug\holasdl.tlog\link.command.1.tlog
d:\tpv\tpv_practica-04\holasdl\debug\holasdl.tlog\link.read.1.tlog
d:\tpv\tpv_practica-04\holasdl\debug\holasdl.tlog\link.write.1.tlog
